-------------------------------------------------------------------------------
Test set: com.benxc.crm.dao.EmployeeRepositoryTest
-------------------------------------------------------------------------------
Tests run: 1, Failures: 0, Errors: 1, Skipped: 0, Time elapsed: 0.001 s <<< FAILURE! - in com.benxc.crm.dao.EmployeeRepositoryTest
initializationError  Time elapsed: 0 s  <<< ERROR!
org.junit.runners.model.InvalidTestClassError: 
Invalid test class 'com.benxc.crm.dao.EmployeeRepositoryTest':
  1. No runnable methods

